SF:lib/src/core/dtos/new_contact_dto.dart
DA:7,1
DA:21,0
DA:22,0
DA:24,0
LF:4
LH:1
end_of_record
SF:lib/src/core/dtos/new_contact_dto.g.dart
DA:9,0
DA:10,0
DA:11,0
DA:12,0
DA:13,0
DA:14,0
DA:15,0
DA:18,0
DA:19,0
DA:20,0
DA:21,0
DA:22,0
DA:23,0
DA:24,0
LF:14
LH:0
end_of_record
SF:lib/src/core/models/contact_model.dart
DA:7,1
DA:23,0
DA:24,0
DA:26,0
DA:28,0
DA:35,0
DA:36,0
DA:37,0
DA:38,0
DA:39,0
DA:40,0
DA:41,0
LF:12
LH:1
end_of_record
SF:lib/src/core/models/contact_model.g.dart
DA:9,0
DA:10,0
DA:11,0
DA:12,0
DA:13,0
DA:14,0
DA:15,0
DA:18,0
DA:19,0
DA:20,0
DA:21,0
DA:22,0
DA:23,0
DA:24,0
DA:25,0
LF:15
LH:0
end_of_record
SF:lib/src/core/services/contacts_service/contacts_service_impl.dart
DA:12,1
DA:17,1
DA:19,1
DA:20,1
DA:21,2
DA:22,3
DA:24,2
DA:28,0
DA:30,0
DA:34,0
DA:36,0
DA:40,0
DA:43,0
LF:13
LH:7
end_of_record
